2026-02-13 19:46:58 [main] ERROR Base - This is error message
2026-02-13 19:46:58 [main] FATAL Base - This is fatal message
2026-02-13 19:47:21 [main] ERROR Base - This is error message
2026-02-13 19:47:21 [main] FATAL Base - This is fatal message
2026-02-14 11:51:44 [main] ERROR Base - This is error message
2026-02-14 11:51:44 [main] FATAL Base - This is fatal message
2026-02-14 11:51:57 [main] ERROR Base - This is error message
2026-02-14 11:51:57 [main] FATAL Base - This is fatal message
2026-02-14 12:04:29 [main] ERROR Base - This is error message
2026-02-14 12:04:29 [main] FATAL Base - This is fatal message
2026-02-14 12:04:43 [main] ERROR Base - This is error message
2026-02-14 12:04:43 [main] FATAL Base - This is fatal message
2026-02-14 12:07:42 [main] ERROR Base - This is error message
2026-02-14 12:07:42 [main] FATAL Base - This is fatal message
2026-02-14 12:07:56 [main] ERROR Base - This is error message
2026-02-14 12:07:56 [main] FATAL Base - This is fatal message
2026-02-14 12:23:08 [main] ERROR Base - This is error message
2026-02-14 12:23:08 [main] FATAL Base - This is fatal message
2026-02-14 12:23:23 [main] ERROR Base - This is error message
2026-02-14 12:23:23 [main] FATAL Base - This is fatal message
2026-02-14 12:31:33 [main] ERROR Base - This is error message
2026-02-14 12:31:33 [main] FATAL Base - This is fatal message
2026-02-14 12:31:47 [main] ERROR Base - This is error message
2026-02-14 12:31:47 [main] FATAL Base - This is fatal message
2026-02-14 12:34:56 [main] ERROR Base - This is error message
2026-02-14 12:34:56 [main] FATAL Base - This is fatal message
2026-02-14 12:35:11 [main] ERROR Base - This is error message
2026-02-14 12:35:11 [main] FATAL Base - This is fatal message
2026-02-14 12:59:04 [main] ERROR Base - This is error message
2026-02-14 12:59:04 [main] FATAL Base - This is fatal message
2026-02-14 12:59:28 [main] ERROR Base - This is error message
2026-02-14 12:59:28 [main] FATAL Base - This is fatal message
2026-02-14 12:59:42 [main] ERROR Base - This is error message
2026-02-14 12:59:42 [main] FATAL Base - This is fatal message
2026-02-14 12:59:59 [main] ERROR Base - This is error message
2026-02-14 12:59:59 [main] FATAL Base - This is fatal message
2026-02-14 13:14:04 [main] ERROR Base - This is error message
2026-02-14 13:14:04 [main] FATAL Base - This is fatal message
2026-02-14 13:14:15 [main] ERROR Base - This is error message
2026-02-14 13:14:15 [main] FATAL Base - This is fatal message
2026-02-14 13:14:27 [main] ERROR Base - This is error message
2026-02-14 13:14:27 [main] FATAL Base - This is fatal message
2026-02-14 13:14:43 [main] ERROR Base - This is error message
2026-02-14 13:14:43 [main] FATAL Base - This is fatal message
2026-02-14 19:29:50 [main] ERROR Base - This is error message
2026-02-14 19:29:50 [main] FATAL Base - This is fatal message
2026-02-14 19:30:01 [main] ERROR Base - This is error message
2026-02-14 19:30:01 [main] FATAL Base - This is fatal message
2026-02-14 19:30:56 [main] ERROR Base - This is error message
2026-02-14 19:30:56 [main] FATAL Base - This is fatal message
2026-02-14 19:31:14 [main] ERROR Base - This is error message
2026-02-14 19:31:14 [main] FATAL Base - This is fatal message
2026-02-14 19:38:34 [main] ERROR Base - This is error message
2026-02-14 19:38:34 [main] FATAL Base - This is fatal message
2026-02-14 19:38:49 [main] ERROR Base - This is error message
2026-02-14 19:38:49 [main] FATAL Base - This is fatal message
2026-02-18 13:24:50 [main] ERROR Base - This is error message
2026-02-18 13:24:50 [main] FATAL Base - This is fatal message
2026-02-18 13:25:15 [main] ERROR Base - This is error message
2026-02-18 13:25:15 [main] FATAL Base - This is fatal message
2026-02-18 13:25:32 [main] ERROR Base - This is error message
2026-02-18 13:25:32 [main] FATAL Base - This is fatal message
2026-02-18 13:25:49 [main] ERROR Base - This is error message
2026-02-18 13:25:49 [main] FATAL Base - This is fatal message
2026-02-18 13:26:05 [main] ERROR Base - This is error message
2026-02-18 13:26:05 [main] FATAL Base - This is fatal message
2026-02-18 13:31:03 [main] ERROR Base - This is error message
2026-02-18 13:31:03 [main] FATAL Base - This is fatal message
2026-02-18 13:31:29 [main] ERROR Base - This is error message
2026-02-18 13:31:29 [main] FATAL Base - This is fatal message
2026-02-18 13:31:45 [main] ERROR Base - This is error message
2026-02-18 13:31:45 [main] FATAL Base - This is fatal message
2026-02-18 13:32:01 [main] ERROR Base - This is error message
2026-02-18 13:32:01 [main] FATAL Base - This is fatal message
2026-02-18 13:32:19 [main] ERROR Base - This is error message
2026-02-18 13:32:19 [main] FATAL Base - This is fatal message
2026-02-19 22:45:44 [main] ERROR Base - This is error message
2026-02-19 22:45:44 [main] FATAL Base - This is fatal message
2026-02-19 22:46:02 [main] ERROR Base - This is error message
2026-02-19 22:46:02 [main] FATAL Base - This is fatal message
2026-02-19 22:46:50 [main] ERROR Base - This is error message
2026-02-19 22:46:50 [main] FATAL Base - This is fatal message
2026-02-19 22:47:28 [main] ERROR Base - This is error message
2026-02-19 22:47:28 [main] FATAL Base - This is fatal message
2026-02-19 22:47:57 [main] ERROR Base - This is error message
2026-02-19 22:47:57 [main] FATAL Base - This is fatal message
2026-02-19 22:53:58 [main] ERROR Base - This is error message
2026-02-19 22:53:58 [main] FATAL Base - This is fatal message
2026-02-20 15:21:12 [main] ERROR Base - This is error message
2026-02-20 15:21:12 [main] FATAL Base - This is fatal message
2026-02-20 15:21:23 [main] ERROR Base - This is error message
2026-02-20 15:21:23 [main] FATAL Base - This is fatal message
2026-02-20 15:21:42 [main] ERROR Base - This is error message
2026-02-20 15:21:42 [main] FATAL Base - This is fatal message
2026-02-20 15:22:01 [main] ERROR Base - This is error message
2026-02-20 15:22:01 [main] FATAL Base - This is fatal message
2026-02-20 15:48:18 [TestNG-test-orangeHrmTest-3] ERROR Base - This is error message
2026-02-20 15:48:18 [TestNG-test-orangeHrmTest-3] FATAL Base - This is fatal message
2026-02-20 15:48:27 [TestNG-test-orangeHrmTest-2] ERROR Base - This is error message
2026-02-20 15:48:27 [TestNG-test-orangeHrmTest-2] FATAL Base - This is fatal message
2026-02-20 15:48:40 [TestNG-test-orangeHrmTest-1] ERROR Base - This is error message
2026-02-20 15:48:40 [TestNG-test-orangeHrmTest-1] FATAL Base - This is fatal message
2026-02-20 15:48:44 [TestNG-test-orangeHrmTest-3] ERROR ActionDriver - Unable to enter the text into fieldError communicating with the remote browser. It may have died.
Build info: version: '4.34.0', revision: '707dcb4246*'
System info: os.name: 'Windows 11', os.arch: 'amd64', os.version: '10.0', java.version: '21.0.9'
Driver info: org.openqa.selenium.chrome.ChromeDriver
Command: [4472500f288dd19ec9c203c050dfe5ef, clearElement [id]]
Capabilities {acceptInsecureCerts: false, browserName: chrome, browserVersion: 145.0.7632.109, chrome: {chromedriverVersion: 145.0.7632.77 (da516187054a..., userDataDir: C:\Users\amd70\AppData\Loca...}, fedcm:accounts: true, goog:chromeOptions: {debuggerAddress: localhost:53641}, goog:processID: 14980, networkConnectionEnabled: false, pageLoadStrategy: eager, platformName: windows, proxy: Proxy(), se:cdp: ws://localhost:53641/devtoo..., se:cdpVersion: 145.0.7632.109, setWindowRect: true, strictFileInteractability: false, timeouts: {implicit: 0, pageLoad: 300000, script: 30000}, unhandledPromptBehavior: dismiss and notify, webauthn:extension:credBlob: true, webauthn:extension:largeBlob: true, webauthn:extension:minPinLength: true, webauthn:extension:prf: true, webauthn:virtualAuthenticators: true}
Element: [[ChromeDriver: chrome on windows (4472500f288dd19ec9c203c050dfe5ef)] -> name: username]
Session ID: 4472500f288dd19ec9c203c050dfe5ef
2026-02-20 15:48:44 [TestNG-test-orangeHrmTest-2] ERROR ActionDriver - Unable to enter the text into fieldError communicating with the remote browser. It may have died.
Build info: version: '4.34.0', revision: '707dcb4246*'
System info: os.name: 'Windows 11', os.arch: 'amd64', os.version: '10.0', java.version: '21.0.9'
Driver info: org.openqa.selenium.chrome.ChromeDriver
Command: [4472500f288dd19ec9c203c050dfe5ef, findElement [using, value]]
Capabilities {acceptInsecureCerts: false, browserName: chrome, browserVersion: 145.0.7632.109, chrome: {chromedriverVersion: 145.0.7632.77 (da516187054a..., userDataDir: C:\Users\amd70\AppData\Loca...}, fedcm:accounts: true, goog:chromeOptions: {debuggerAddress: localhost:53641}, goog:processID: 14980, networkConnectionEnabled: false, pageLoadStrategy: eager, platformName: windows, proxy: Proxy(), se:cdp: ws://localhost:53641/devtoo..., se:cdpVersion: 145.0.7632.109, setWindowRect: true, strictFileInteractability: false, timeouts: {implicit: 0, pageLoad: 300000, script: 30000}, unhandledPromptBehavior: dismiss and notify, webauthn:extension:credBlob: true, webauthn:extension:largeBlob: true, webauthn:extension:minPinLength: true, webauthn:extension:prf: true, webauthn:virtualAuthenticators: true}
Session ID: 4472500f288dd19ec9c203c050dfe5ef
2026-02-20 15:48:44 [TestNG-test-orangeHrmTest-3] ERROR ActionDriver - Unable to enter the text into fieldError communicating with the remote browser. It may have died.
Build info: version: '4.34.0', revision: '707dcb4246*'
System info: os.name: 'Windows 11', os.arch: 'amd64', os.version: '10.0', java.version: '21.0.9'
Driver info: org.openqa.selenium.chrome.ChromeDriver
Command: [4472500f288dd19ec9c203c050dfe5ef, findElement [using, value]]
Capabilities {acceptInsecureCerts: false, browserName: chrome, browserVersion: 145.0.7632.109, chrome: {chromedriverVersion: 145.0.7632.77 (da516187054a..., userDataDir: C:\Users\amd70\AppData\Loca...}, fedcm:accounts: true, goog:chromeOptions: {debuggerAddress: localhost:53641}, goog:processID: 14980, networkConnectionEnabled: false, pageLoadStrategy: eager, platformName: windows, proxy: Proxy(), se:cdp: ws://localhost:53641/devtoo..., se:cdpVersion: 145.0.7632.109, setWindowRect: true, strictFileInteractability: false, timeouts: {implicit: 0, pageLoad: 300000, script: 30000}, unhandledPromptBehavior: dismiss and notify, webauthn:extension:credBlob: true, webauthn:extension:largeBlob: true, webauthn:extension:minPinLength: true, webauthn:extension:prf: true, webauthn:virtualAuthenticators: true}
Session ID: 4472500f288dd19ec9c203c050dfe5ef
2026-02-20 15:48:44 [TestNG-test-orangeHrmTest-2] ERROR ActionDriver - Unable to enter the text into fieldError communicating with the remote browser. It may have died.
Build info: version: '4.34.0', revision: '707dcb4246*'
System info: os.name: 'Windows 11', os.arch: 'amd64', os.version: '10.0', java.version: '21.0.9'
Driver info: org.openqa.selenium.chrome.ChromeDriver
Command: [4472500f288dd19ec9c203c050dfe5ef, findElement [using, value]]
Capabilities {acceptInsecureCerts: false, browserName: chrome, browserVersion: 145.0.7632.109, chrome: {chromedriverVersion: 145.0.7632.77 (da516187054a..., userDataDir: C:\Users\amd70\AppData\Loca...}, fedcm:accounts: true, goog:chromeOptions: {debuggerAddress: localhost:53641}, goog:processID: 14980, networkConnectionEnabled: false, pageLoadStrategy: eager, platformName: windows, proxy: Proxy(), se:cdp: ws://localhost:53641/devtoo..., se:cdpVersion: 145.0.7632.109, setWindowRect: true, strictFileInteractability: false, timeouts: {implicit: 0, pageLoad: 300000, script: 30000}, unhandledPromptBehavior: dismiss and notify, webauthn:extension:credBlob: true, webauthn:extension:largeBlob: true, webauthn:extension:minPinLength: true, webauthn:extension:prf: true, webauthn:virtualAuthenticators: true}
Session ID: 4472500f288dd19ec9c203c050dfe5ef
2026-02-20 15:49:04 [TestNG-test-orangeHrmTest-2] ERROR Base - This is error message
2026-02-20 15:49:04 [TestNG-test-orangeHrmTest-2] FATAL Base - This is fatal message
2026-02-20 17:19:52 [TestNG-test-orangeHrmTest-3] ERROR Base - This is error message
2026-02-20 17:19:52 [TestNG-test-orangeHrmTest-3] FATAL Base - This is fatal message
2026-02-20 17:19:54 [TestNG-test-orangeHrmTest-1] ERROR Base - This is error message
2026-02-20 17:19:54 [TestNG-test-orangeHrmTest-1] FATAL Base - This is fatal message
2026-02-20 17:19:55 [TestNG-test-orangeHrmTest-3] ERROR ActionDriver - Unable to enter the text into fieldError communicating with the remote browser. It may have died.
Build info: version: '4.34.0', revision: '707dcb4246*'
System info: os.name: 'Windows 11', os.arch: 'amd64', os.version: '10.0', java.version: '21.0.9'
Driver info: org.openqa.selenium.chrome.ChromeDriver
Command: [720ec31ea79a302983d0a9217d4d2760, getElementDomAttribute [name, id]]
Capabilities {acceptInsecureCerts: false, browserName: chrome, browserVersion: 145.0.7632.109, chrome: {chromedriverVersion: 145.0.7632.77 (da516187054a..., userDataDir: C:\Users\amd70\AppData\Loca...}, fedcm:accounts: true, goog:chromeOptions: {debuggerAddress: localhost:55760}, goog:processID: 30144, networkConnectionEnabled: false, pageLoadStrategy: eager, platformName: windows, proxy: Proxy(), se:cdp: ws://localhost:55760/devtoo..., se:cdpVersion: 145.0.7632.109, setWindowRect: true, strictFileInteractability: false, timeouts: {implicit: 0, pageLoad: 300000, script: 30000}, unhandledPromptBehavior: dismiss and notify, webauthn:extension:credBlob: true, webauthn:extension:largeBlob: true, webauthn:extension:minPinLength: true, webauthn:extension:prf: true, webauthn:virtualAuthenticators: true}
Element: [[ChromeDriver: chrome on windows (720ec31ea79a302983d0a9217d4d2760)] -> css selector: input[type='password']]
Session ID: 720ec31ea79a302983d0a9217d4d2760
2026-02-20 17:19:56 [TestNG-test-orangeHrmTest-2] ERROR Base - This is error message
2026-02-20 17:19:56 [TestNG-test-orangeHrmTest-2] FATAL Base - This is fatal message
2026-02-20 17:19:56 [TestNG-test-orangeHrmTest-2] ERROR ActionDriver - Unable to enter the text into fieldSession ID is null. Using WebDriver after calling quit()?
Build info: version: '4.34.0', revision: '707dcb4246*'
System info: os.name: 'Windows 11', os.arch: 'amd64', os.version: '10.0', java.version: '21.0.9'
Driver info: org.openqa.selenium.chrome.ChromeDriver
Command: [null, findElement {using=name, value=username}]
Capabilities {acceptInsecureCerts: false, browserName: chrome, browserVersion: 145.0.7632.109, chrome: {chromedriverVersion: 145.0.7632.77 (da516187054a..., userDataDir: C:\Users\amd70\AppData\Loca...}, fedcm:accounts: true, goog:chromeOptions: {debuggerAddress: localhost:55760}, goog:processID: 30144, networkConnectionEnabled: false, pageLoadStrategy: eager, platformName: windows, proxy: Proxy(), se:cdp: ws://localhost:55760/devtoo..., se:cdpVersion: 145.0.7632.109, setWindowRect: true, strictFileInteractability: false, timeouts: {implicit: 0, pageLoad: 300000, script: 30000}, unhandledPromptBehavior: dismiss and notify, webauthn:extension:credBlob: true, webauthn:extension:largeBlob: true, webauthn:extension:minPinLength: true, webauthn:extension:prf: true, webauthn:virtualAuthenticators: true}
2026-02-20 17:19:56 [TestNG-test-orangeHrmTest-2] ERROR ActionDriver - Unable to enter the text into fieldSession ID is null. Using WebDriver after calling quit()?
Build info: version: '4.34.0', revision: '707dcb4246*'
System info: os.name: 'Windows 11', os.arch: 'amd64', os.version: '10.0', java.version: '21.0.9'
Driver info: org.openqa.selenium.chrome.ChromeDriver
Command: [null, findElement {using=css selector, value=input[type='password']}]
Capabilities {acceptInsecureCerts: false, browserName: chrome, browserVersion: 145.0.7632.109, chrome: {chromedriverVersion: 145.0.7632.77 (da516187054a..., userDataDir: C:\Users\amd70\AppData\Loca...}, fedcm:accounts: true, goog:chromeOptions: {debuggerAddress: localhost:55760}, goog:processID: 30144, networkConnectionEnabled: false, pageLoadStrategy: eager, platformName: windows, proxy: Proxy(), se:cdp: ws://localhost:55760/devtoo..., se:cdpVersion: 145.0.7632.109, setWindowRect: true, strictFileInteractability: false, timeouts: {implicit: 0, pageLoad: 300000, script: 30000}, unhandledPromptBehavior: dismiss and notify, webauthn:extension:credBlob: true, webauthn:extension:largeBlob: true, webauthn:extension:minPinLength: true, webauthn:extension:prf: true, webauthn:virtualAuthenticators: true}
2026-02-20 17:20:07 [TestNG-test-orangeHrmTest-2] ERROR Base - This is error message
2026-02-20 17:20:07 [TestNG-test-orangeHrmTest-2] FATAL Base - This is fatal message
2026-02-20 17:20:49 [main] ERROR Base - This is error message
2026-02-20 17:20:49 [main] FATAL Base - This is fatal message
2026-02-20 17:21:34 [main] ERROR Base - This is error message
2026-02-20 17:21:34 [main] FATAL Base - This is fatal message
2026-02-20 17:22:34 [main] ERROR Base - This is error message
2026-02-20 17:22:34 [main] FATAL Base - This is fatal message
2026-02-20 17:22:45 [main] ERROR Base - This is error message
2026-02-20 17:22:45 [main] FATAL Base - This is fatal message
2026-02-20 17:22:58 [main] ERROR Base - This is error message
2026-02-20 17:22:58 [main] FATAL Base - This is fatal message
2026-02-20 17:23:17 [main] ERROR Base - This is error message
2026-02-20 17:23:17 [main] FATAL Base - This is fatal message
2026-02-20 17:23:40 [main] ERROR Base - This is error message
2026-02-20 17:23:40 [main] FATAL Base - This is fatal message
2026-02-20 17:23:51 [main] ERROR Base - This is error message
2026-02-20 17:23:51 [main] FATAL Base - This is fatal message
2026-02-20 17:24:05 [main] ERROR Base - This is error message
2026-02-20 17:24:05 [main] FATAL Base - This is fatal message
2026-02-20 17:24:17 [main] ERROR Base - This is error message
2026-02-20 17:24:17 [main] FATAL Base - This is fatal message
2026-02-20 19:49:26 [main] ERROR Base - This is error message
2026-02-20 19:49:26 [main] FATAL Base - This is fatal message
2026-02-20 19:49:50 [main] ERROR Base - This is error message
2026-02-20 19:49:50 [main] FATAL Base - This is fatal message
2026-02-20 19:50:36 [main] ERROR Base - This is error message
2026-02-20 19:50:36 [main] FATAL Base - This is fatal message
2026-02-20 19:51:10 [main] ERROR Base - This is error message
2026-02-20 19:51:10 [main] FATAL Base - This is fatal message
2026-02-20 20:19:42 [main] ERROR Base - This is error message
2026-02-20 20:19:42 [main] FATAL Base - This is fatal message
2026-02-20 20:19:54 [main] ERROR Base - This is error message
2026-02-20 20:19:54 [main] FATAL Base - This is fatal message
2026-02-20 20:20:15 [main] ERROR Base - This is error message
2026-02-20 20:20:15 [main] FATAL Base - This is fatal message
2026-02-20 20:20:36 [main] ERROR Base - This is error message
2026-02-20 20:20:36 [main] FATAL Base - This is fatal message
2026-02-20 20:36:23 [main] ERROR Base - This is error message
2026-02-20 20:36:23 [main] FATAL Base - This is fatal message
2026-02-20 20:36:34 [main] ERROR Base - This is error message
2026-02-20 20:36:34 [main] FATAL Base - This is fatal message
2026-02-20 20:36:49 [main] ERROR Base - This is error message
2026-02-20 20:36:49 [main] FATAL Base - This is fatal message
2026-02-20 20:37:08 [main] ERROR Base - This is error message
2026-02-20 20:37:08 [main] FATAL Base - This is fatal message
2026-02-21 12:45:38 [main] ERROR Base - This is error message
2026-02-21 12:45:38 [main] FATAL Base - This is fatal message
2026-02-21 12:45:52 [main] ERROR Base - This is error message
2026-02-21 12:45:52 [main] FATAL Base - This is fatal message
2026-02-21 12:46:06 [main] ERROR Base - This is error message
2026-02-21 12:46:06 [main] FATAL Base - This is fatal message
2026-02-21 12:46:24 [main] ERROR Base - This is error message
2026-02-21 12:46:24 [main] FATAL Base - This is fatal message
2026-02-22 09:51:53 [main] ERROR Base - This is error message
2026-02-22 09:51:53 [main] FATAL Base - This is fatal message
2026-02-22 09:52:04 [main] ERROR Base - This is error message
2026-02-22 09:52:04 [main] FATAL Base - This is fatal message
2026-02-22 09:52:19 [main] ERROR Base - This is error message
2026-02-22 09:52:19 [main] FATAL Base - This is fatal message
2026-02-22 09:52:35 [main] ERROR Base - This is error message
2026-02-22 09:52:35 [main] FATAL Base - This is fatal message
2026-02-22 18:45:36 [main] ERROR Base - This is error message
2026-02-22 18:45:36 [main] FATAL Base - This is fatal message
2026-02-22 18:45:49 [main] ERROR Base - This is error message
2026-02-22 18:45:49 [main] FATAL Base - This is fatal message
2026-02-22 18:46:05 [main] ERROR Base - This is error message
2026-02-22 18:46:05 [main] FATAL Base - This is fatal message
2026-02-22 18:46:23 [main] ERROR Base - This is error message
2026-02-22 18:46:23 [main] FATAL Base - This is fatal message
2026-02-24 17:21:09 [main] ERROR Base - This is error message
2026-02-24 17:21:09 [main] FATAL Base - This is fatal message
2026-02-24 17:21:24 [main] ERROR Base - This is error message
2026-02-24 17:21:24 [main] FATAL Base - This is fatal message
2026-02-24 17:21:42 [main] ERROR Base - This is error message
2026-02-24 17:21:42 [main] FATAL Base - This is fatal message
2026-02-24 17:22:15 [main] ERROR Base - This is error message
2026-02-24 17:22:15 [main] FATAL Base - This is fatal message
2026-02-25 09:24:07 [main] ERROR Base - This is error message
2026-02-25 09:24:07 [main] FATAL Base - This is fatal message
2026-02-25 09:24:19 [main] ERROR Base - This is error message
2026-02-25 09:24:19 [main] FATAL Base - This is fatal message
2026-02-25 09:24:33 [main] ERROR Base - This is error message
2026-02-25 09:24:33 [main] FATAL Base - This is fatal message
2026-02-25 09:24:51 [main] ERROR Base - This is error message
2026-02-25 09:24:51 [main] FATAL Base - This is fatal message
2026-02-25 09:33:06 [main] ERROR Base - This is error message
2026-02-25 09:33:06 [main] FATAL Base - This is fatal message
2026-02-25 09:33:17 [main] ERROR Base - This is error message
2026-02-25 09:33:17 [main] FATAL Base - This is fatal message
2026-02-25 09:33:32 [main] ERROR Base - This is error message
2026-02-25 09:33:32 [main] FATAL Base - This is fatal message
2026-02-25 09:33:51 [main] ERROR Base - This is error message
2026-02-25 09:33:51 [main] FATAL Base - This is fatal message
2026-02-25 09:40:38 [main] ERROR Base - This is error message
2026-02-25 09:40:38 [main] FATAL Base - This is fatal message
2026-02-25 09:40:52 [main] ERROR Base - This is error message
2026-02-25 09:40:52 [main] FATAL Base - This is fatal message
2026-02-25 09:41:15 [main] ERROR Base - This is error message
2026-02-25 09:41:15 [main] FATAL Base - This is fatal message
2026-02-25 09:41:36 [main] ERROR Base - This is error message
2026-02-25 09:41:36 [main] FATAL Base - This is fatal message
2026-02-25 12:08:52 [main] ERROR Base - This is error message
2026-02-25 12:08:52 [main] FATAL Base - This is fatal message
2026-02-25 12:09:15 [main] ERROR Base - This is error message
2026-02-25 12:09:15 [main] FATAL Base - This is fatal message
2026-02-25 12:25:08 [main] ERROR Base - This is error message
2026-02-25 12:25:08 [main] FATAL Base - This is fatal message
2026-02-25 12:25:23 [main] ERROR Base - This is error message
2026-02-25 12:25:23 [main] FATAL Base - This is fatal message
2026-02-25 12:29:37 [main] ERROR Base - This is error message
2026-02-25 12:29:37 [main] FATAL Base - This is fatal message
2026-02-25 12:30:00 [main] ERROR Base - This is error message
2026-02-25 12:30:00 [main] FATAL Base - This is fatal message
2026-02-25 15:29:31 [main] ERROR Base - This is error message
2026-02-25 15:29:31 [main] FATAL Base - This is fatal message
2026-02-25 15:30:06 [main] ERROR Base - This is error message
2026-02-25 15:30:06 [main] FATAL Base - This is fatal message
2026-02-25 17:16:12 [main] ERROR Base - This is error message
2026-02-25 17:16:12 [main] FATAL Base - This is fatal message
2026-02-25 17:16:25 [main] ERROR Base - This is error message
2026-02-25 17:16:25 [main] FATAL Base - This is fatal message
2026-02-25 17:16:46 [main] ERROR Base - This is error message
2026-02-25 17:16:46 [main] FATAL Base - This is fatal message
2026-02-25 17:17:05 [main] ERROR Base - This is error message
2026-02-25 17:17:05 [main] FATAL Base - This is fatal message
2026-02-25 17:38:30 [main] ERROR Base - This is error message
2026-02-25 17:38:30 [main] FATAL Base - This is fatal message
2026-02-25 17:38:50 [main] ERROR Base - This is error message
2026-02-25 17:38:50 [main] FATAL Base - This is fatal message
2026-02-25 17:53:32 [main] ERROR Base - This is error message
2026-02-25 17:53:32 [main] FATAL Base - This is fatal message
2026-02-25 17:53:44 [main] ERROR Base - This is error message
2026-02-25 17:53:44 [main] FATAL Base - This is fatal message
2026-02-25 17:53:59 [main] ERROR Base - This is error message
2026-02-25 17:53:59 [main] FATAL Base - This is fatal message
2026-02-25 17:54:23 [main] ERROR Base - This is error message
2026-02-25 17:54:23 [main] FATAL Base - This is fatal message
